<?xml version="1.0" encoding="UTF-8"?>
<!-- Generated by org.testng.reporters.JUnitReportReporter -->
<testsuite hostname="LAPTOP-UB1OC60A" failures="0" tests="1" name="TESTNGclasses.TestCase1" time="0.003" errors="0" timestamp="2020-04-13T23:59:14 EDT" skipped="0">
  <testcase classname="TESTNGclasses.TestCase1" name="tesFB" time="0.003"/>
  <system-out/>
</testsuite> <!-- TESTNGclasses.TestCase1 -->
