<?xml version="1.0" encoding="UTF-8"?>
<!-- Generated by org.testng.reporters.JUnitReportReporter -->
<testsuite hostname="LAPTOP-UB1OC60A" failures="0" tests="1" name="TestCases.TestVerifyTitle" time="65.951" errors="0" timestamp="2020-04-08T04:12:26 EDT" skipped="0">
  <testcase classname="TestCases.TestVerifyTitle" name="testcase1" time="65.951"/>
  <system-out/>
</testsuite> <!-- TestCases.TestVerifyTitle -->
