<?xml version="1.0" encoding="UTF-8"?>
<!-- Generated by org.testng.reporters.JUnitReportReporter -->
<testsuite hostname="LAPTOP-UB1OC60A" failures="0" tests="1" name="TestCases.MyTest1" time="0.013" errors="0" timestamp="2020-04-13T00:06:24 EDT" skipped="0">
  <testcase classname="TestCases.MyTest1" name="myTest" time="0.013"/>
  <system-out/>
</testsuite> <!-- TestCases.MyTest1 -->
