<?xml version="1.0" encoding="UTF-8"?>
<!-- Generated by org.testng.reporters.JUnitReportReporter -->
<testsuite hostname="LAPTOP-UB1OC60A" failures="0" tests="1" name="testNGTestCases.GlobalPara" time="37.392" errors="0" timestamp="17 Apr. 2020 07:31:57 GMT" skipped="0">
  <testcase classname="testNGTestCases.GlobalPara" name="doLogin" time="37.392"/>
</testsuite> <!-- testNGTestCases.GlobalPara -->
