<?xml version="1.0" encoding="UTF-8"?>
<!-- Generated by org.testng.reporters.JUnitReportReporter -->
<testsuite hostname="LAPTOP-UB1OC60A" failures="0" tests="1" name="TESTNGclasses.TestCase2" time="0.001" errors="0" timestamp="2020-04-13T23:59:14 EDT" skipped="0">
  <testcase classname="TESTNGclasses.TestCase2" name="testTwitter" time="0.001"/>
  <system-out/>
</testsuite> <!-- TESTNGclasses.TestCase2 -->
