<?xml version="1.0" encoding="UTF-8"?>
<!-- Generated by org.testng.reporters.JUnitReportReporter -->
<testsuite hostname="LAPTOP-UB1OC60A" failures="0" tests="3" name="parameterization.TestParameterization" time="0.017" errors="0" timestamp="17 Apr. 2020 01:32:24 GMT" skipped="0">
  <testcase classname="parameterization.TestParameterization" name="doLogin" time="0.004"/>
  <testcase classname="parameterization.TestParameterization" name="doLogin" time="0.010"/>
  <testcase classname="parameterization.TestParameterization" name="doLogin" time="0.003"/>
</testsuite> <!-- parameterization.TestParameterization -->
