<?xml version="1.0" encoding="UTF-8"?>
<!-- Generated by org.testng.reporters.JUnitReportReporter -->
<testsuite hostname="LAPTOP-UB1OC60A" failures="0" tests="1" name="testNGTestCases.TestSkip" time="0.049" errors="0" timestamp="2020-04-14T01:18:16 EDT" skipped="1">
  <testcase classname="testNGTestCases.TestSkip" name="isSkip" time="0.049">
    <skipped/>
  </testcase> <!-- isSkip -->
  <system-out/>
</testsuite> <!-- testNGTestCases.TestSkip -->
